f:\rv\p1rv\p1rv_paint\debug\vc142.pdb
f:\rv\p1rv\p1rv_paint\debug\vc142.idb
f:\rv\p1rv\p1rv_paint\debug\vector3d.obj
f:\rv\p1rv\p1rv_paint\debug\main.obj
f:\rv\p1rv\p1rv_paint\debug\grille.obj
f:\rv\p1rv - copie\p1rv_paint\debug\vc142.pdb
f:\rv\p1rv - copie\p1rv_paint\debug\vc142.idb
f:\rv\p1rv - copie\p1rv_paint\debug\vector3d.obj
f:\rv\p1rv - copie\p1rv_paint\debug\main.obj
f:\rv\p1rv - copie\p1rv_paint\debug\grille.obj
f:\rv\p1rv - copie\p1rv_paint\debug\point.obj
f:\rv\p1rv - copie\p1rv_paint\debug\menucouleur.obj
f:\rv\p1rv - copie - copie\p1rv_paint\debug\vc142.pdb
f:\rv\p1rv - copie - copie\p1rv_paint\debug\vc142.idb
f:\rv\p1rv - copie - copie\p1rv_paint\debug\pinceau.obj
f:\rv\p1rv - copie - copie\p1rv_paint\debug\opengl.obj
f:\rv\p1rv - copie - copie\p1rv_paint\debug\menucouleur.obj
f:\rv\p1rv - copie - copie\p1rv_paint\debug\menu.obj
f:\rv\p1rv - copie - copie\p1rv_paint\debug\canvas.obj
f:\rv\p1rv - copie - copie\p1rv_paint\debug\crayon.obj
f:\rv\p1rv - copie - copie\p1rv_paint\debug\couleur.obj
f:\rv\p1rv - copie - copie\p1rv_paint\debug\main.obj
f:\rv\p1rv - copie - copie\p1rv_paint\debug\paint.obj
f:\rv\p1rv\p1rv_paint\debug\p1rv_paint.exe
f:\rv\p1rv\p1rv_paint\debug\p1rv_paint.ilk
f:\rv\p1rv\p1rv_paint\debug\p1rv_paint.pdb
f:\rv\p1rv - copie\p1rv_paint\debug\p1rv_paint.exe
f:\rv\p1rv - copie\p1rv_paint\debug\p1rv_paint.ilk
f:\rv\p1rv - copie\p1rv_paint\debug\p1rv_paint.pdb
f:\rv\p1rv - copie - copie\p1rv_paint\debug\p1rv_paint.exe
f:\rv\p1rv - copie - copie\p1rv_paint\debug\p1rv_paint.ilk
f:\rv\p1rv - copie - copie\p1rv_paint\debug\p1rv_paint.pdb
f:\rv\p1rv - copie - copie\p1rv_paint\debug\grille.obj
f:\rv\p1rv - copie - copie\p1rv_paint\debug\p1rv_paint.obj
f:\rv\p1rv - copie - copie\p1rv_paint\debug\point.obj
f:\rv\p1rv - copie - copie\p1rv_paint\debug\vector3d.obj
f:\rv\p1rv - copie - copie\p1rv_paint\debug\p1rv_paint.tlog\cl.command.1.tlog
f:\rv\p1rv - copie - copie\p1rv_paint\debug\p1rv_paint.tlog\cl.read.1.tlog
f:\rv\p1rv - copie - copie\p1rv_paint\debug\p1rv_paint.tlog\cl.write.1.tlog
f:\rv\p1rv - copie - copie\p1rv_paint\debug\p1rv_paint.tlog\link.command.1.tlog
f:\rv\p1rv - copie - copie\p1rv_paint\debug\p1rv_paint.tlog\link.read.1.tlog
f:\rv\p1rv - copie - copie\p1rv_paint\debug\p1rv_paint.tlog\link.write.1.tlog
f:\rv\p1rv - copie - copie\p1rv_paint\debug\p1rv_paint.tlog\rc.command.1.tlog
f:\rv\p1rv - copie - copie\p1rv_paint\debug\p1rv_paint.tlog\rc.read.1.tlog
f:\rv\p1rv - copie - copie\p1rv_paint\debug\p1rv_paint.tlog\rc.write.1.tlog
