  tif_aux.c
  tif_close.c
  tif_codec.c
  tif_color.c
  tif_compress.c
  tif_dir.c
  tif_dirinfo.c
  tif_dirread.c
  tif_dirwrite.c
  tif_dumpmode.c
  tif_error.c
  tif_extension.c
  tif_fax3.c
  tif_fax3sm.c
  tif_flush.c
  tif_getimage.c
  tif_jpeg.c
  tif_luv.c
  tif_lzma.c
  tif_lzw.c
  Génération de code en cours...
  Compilation en cours...
  tif_next.c
  tif_ojpeg.c
F:\RV\MEDEV\P1RV_Paint\FreeImage\Source\LibTIFF4\tif_ojpeg.c(617,14): warning C4477: 'fprintf' : la chaîne de format '%lu' nécessite un argument de type 'unsigned long', mais l'argument variadique 1 est de type 'uint64'
F:\RV\MEDEV\P1RV_Paint\FreeImage\Source\LibTIFF4\tif_ojpeg.c(617,14): message : utilisez '%llu' dans la chaîne de format
F:\RV\MEDEV\P1RV_Paint\FreeImage\Source\LibTIFF4\tif_ojpeg.c(617,14): message : utilisez '%I64u' dans la chaîne de format
F:\RV\MEDEV\P1RV_Paint\FreeImage\Source\LibTIFF4\tif_ojpeg.c(619,14): warning C4477: 'fprintf' : la chaîne de format '%lu' nécessite un argument de type 'unsigned long', mais l'argument variadique 1 est de type 'uint64'
F:\RV\MEDEV\P1RV_Paint\FreeImage\Source\LibTIFF4\tif_ojpeg.c(619,14): message : utilisez '%llu' dans la chaîne de format
F:\RV\MEDEV\P1RV_Paint\FreeImage\Source\LibTIFF4\tif_ojpeg.c(619,14): message : utilisez '%I64u' dans la chaîne de format
F:\RV\MEDEV\P1RV_Paint\FreeImage\Source\LibTIFF4\tif_ojpeg.c(624,15): warning C4477: 'fprintf' : la chaîne de format '%lu' nécessite un argument de type 'unsigned long', mais l'argument variadique 1 est de type 'uint64'
F:\RV\MEDEV\P1RV_Paint\FreeImage\Source\LibTIFF4\tif_ojpeg.c(624,15): message : utilisez '%llu' dans la chaîne de format
F:\RV\MEDEV\P1RV_Paint\FreeImage\Source\LibTIFF4\tif_ojpeg.c(624,15): message : utilisez '%I64u' dans la chaîne de format
F:\RV\MEDEV\P1RV_Paint\FreeImage\Source\LibTIFF4\tif_ojpeg.c(631,15): warning C4477: 'fprintf' : la chaîne de format '%lu' nécessite un argument de type 'unsigned long', mais l'argument variadique 1 est de type 'uint64'
F:\RV\MEDEV\P1RV_Paint\FreeImage\Source\LibTIFF4\tif_ojpeg.c(631,15): message : utilisez '%llu' dans la chaîne de format
F:\RV\MEDEV\P1RV_Paint\FreeImage\Source\LibTIFF4\tif_ojpeg.c(631,15): message : utilisez '%I64u' dans la chaîne de format
F:\RV\MEDEV\P1RV_Paint\FreeImage\Source\LibTIFF4\tif_ojpeg.c(638,15): warning C4477: 'fprintf' : la chaîne de format '%lu' nécessite un argument de type 'unsigned long', mais l'argument variadique 1 est de type 'uint64'
F:\RV\MEDEV\P1RV_Paint\FreeImage\Source\LibTIFF4\tif_ojpeg.c(638,15): message : utilisez '%llu' dans la chaîne de format
F:\RV\MEDEV\P1RV_Paint\FreeImage\Source\LibTIFF4\tif_ojpeg.c(638,15): message : utilisez '%I64u' dans la chaîne de format
  tif_open.c
  tif_packbits.c
  tif_pixarlog.c
  tif_predict.c
  tif_print.c
  tif_read.c
  tif_strip.c
  tif_swab.c
  tif_thunder.c
  tif_tile.c
  tif_version.c
  tif_warning.c
  tif_write.c
  tif_zip.c
  Génération de code en cours...
  LibTIFF4.2013.vcxproj -> F:\RV\MEDEV\P1RV_Paint\FreeImage\Source\LibTIFF4\Win32\Debug\LibTIFF4.lib
